%!Adobe-FontList 1.20
%Locale:0x409

%BeginFont
Handler:DirectoryHandler
FontType:Invalid
OutlineFileName:C:\Users\Ingimar\Desktop\3rd-semester\hogwarts_hacked\Font\HarryPotter.jpg
FileModTime:1582589372
%EndFont

%BeginFont
Handler:DirectoryHandler
FontType:TrueType
FontName:ParryHotter
FamilyName:Parry Hotter
StyleName:Regular
FullName:Parry Hotter
MenuName:Parry Hotter
StyleBits:0
WritingScript:Roman
OutlineFileName:C:\Users\Ingimar\Desktop\3rd-semester\hogwarts_hacked\Font\ParryHotter.ttf
DataFormat:sfntData
hasSVG:no
VariableFontType:NonVariableFont
FileLength:81544
FileModTime:1582589372
WeightClass:400
WidthClass:5
AngleClass:0
NameArray:0,Mac,4,Parry Hotter
NameArray:0,Win,1,Parry Hotter
%EndFont

%BeginFont
Handler:DirectoryHandler
FontType:Invalid
OutlineFileName:C:\Users\Ingimar\Desktop\3rd-semester\hogwarts_hacked\Font\readthis.txt
FileModTime:1582589372
%EndFont

